0 info it worked if it ends with ok
1 verbose cli [ 'node', '/usr/local/bin/npm', 'publish' ]
2 info using npm@2.9.0
3 info using node@v0.10.30
4 verbose publish [ '.' ]
5 silly cache add args [ '.', null ]
6 verbose cache add spec .
7 silly cache add parsed spec { raw: '.',
7 silly cache add   scope: null,
7 silly cache add   name: null,
7 silly cache add   rawSpec: '.',
7 silly cache add   spec: '/Users/rleach/EP/buzz/edna',
7 silly cache add   type: 'directory' }
8 verbose addLocalDirectory /Users/rleach/.npm/edna/1.0.18-37/package.tgz not in flight; packing
9 verbose tar pack [ '/Users/rleach/.npm/edna/1.0.18-37/package.tgz',
9 verbose tar pack   '/Users/rleach/EP/buzz/edna' ]
10 verbose tarball /Users/rleach/.npm/edna/1.0.18-37/package.tgz
11 verbose folder /Users/rleach/EP/buzz/edna
12 info prepublish edna@1.0.18-37
13 verbose addLocalTarball adding from inside cache /Users/rleach/.npm/edna/1.0.18-37/package.tgz
14 silly cache afterAdd edna@1.0.18-37
15 verbose afterAdd /Users/rleach/.npm/edna/1.0.18-37/package/package.json not in flight; writing
16 verbose afterAdd /Users/rleach/.npm/edna/1.0.18-37/package/package.json written
17 silly publish { name: 'edna',
17 silly publish   version: '1.0.18-37',
17 silly publish   peerDependencies: { grunt: '~0.4.1' },
17 silly publish   publishConfig:
17 silly publish    { registry: 'http://artifactory.epnet.com:8081/artifactory/api/npm/eae-npm-release',
17 silly publish      tag: 'develop' },
17 silly publish   devDependencies:
17 silly publish    { 'grunt-browser-sync': '^1.5.3',
17 silly publish      'grunt-colorguard': '^0.2.0',
17 silly publish      'grunt-contrib-analyze-css': '^0.1.2',
17 silly publish      'grunt-contrib-csslint': '^0.3.1',
17 silly publish      'grunt-contrib-cssmin': '^0.10.0',
17 silly publish      'grunt-contrib-less': '^0.12.0',
17 silly publish      'grunt-contrib-watch': '^0.5.3',
17 silly publish      'grunt-express': '^1.4.1',
17 silly publish      'grunt-grunticon': '^1.2.13',
17 silly publish      'grunt-kss': '^0.4.0',
17 silly publish      'grunt-shell': '^1.1.1' },
17 silly publish   main: 'Gruntfile.js',
17 silly publish   repository: { type: 'git', url: 'git+https://github.com/ebsco/edna.git' },
17 silly publish   readme: 'README.md',
17 silly publish   dependencies: {},
17 silly publish   gitHead: '2a439f99480a9597c83c6f67c480cc3b85aabad5',
17 silly publish   description: 'README.md',
17 silly publish   bugs: { url: 'https://github.com/ebsco/edna/issues' },
17 silly publish   homepage: 'https://github.com/ebsco/edna#readme',
17 silly publish   _id: 'edna@1.0.18-37',
17 silly publish   scripts: {},
17 silly publish   _shasum: '6c864c45f4bfe33aa28790a6d25703cd9b7aaaee',
17 silly publish   _from: '.' }
18 verbose getPublishConfig { registry: 'http://artifactory.epnet.com:8081/artifactory/api/npm/eae-npm-release',
18 verbose getPublishConfig   tag: 'develop' }
19 silly mapToRegistry name edna
20 silly mapToRegistry using default registry
21 silly mapToRegistry registry http://artifactory.epnet.com:8081/artifactory/api/npm/eae-npm-release
22 silly mapToRegistry uri http://artifactory.epnet.com:8081/artifactory/api/npm/eae-npm-release/edna
23 verbose publish registryBase http://artifactory.epnet.com:8081/artifactory/api/npm/eae-npm-release/
24 silly publish uploading /Users/rleach/.npm/edna/1.0.18-37/package.tgz
25 verbose stack Error: auth required for publishing
25 verbose stack     at CachingRegistryClient.publish (/usr/local/lib/node_modules/npm/node_modules/npm-registry-client/lib/publish.js:30:14)
25 verbose stack     at /usr/local/lib/node_modules/npm/lib/publish.js:134:14
25 verbose stack     at mapToRegistry (/usr/local/lib/node_modules/npm/lib/utils/map-to-registry.js:55:3)
25 verbose stack     at publish_ (/usr/local/lib/node_modules/npm/lib/publish.js:104:3)
25 verbose stack     at Array.1 (/usr/local/lib/node_modules/npm/node_modules/slide/lib/bind-actor.js:15:8)
25 verbose stack     at LOOP (/usr/local/lib/node_modules/npm/node_modules/slide/lib/chain.js:15:14)
25 verbose stack     at LOOP (/usr/local/lib/node_modules/npm/node_modules/slide/lib/chain.js:14:28)
25 verbose stack     at chain (/usr/local/lib/node_modules/npm/node_modules/slide/lib/chain.js:20:5)
25 verbose stack     at /usr/local/lib/node_modules/npm/lib/publish.js:73:5
25 verbose stack     at RES (/usr/local/lib/node_modules/npm/node_modules/inflight/inflight.js:23:14)
26 verbose cwd /Users/rleach/EP/buzz/edna
27 error Darwin 14.3.0
28 error argv "node" "/usr/local/bin/npm" "publish"
29 error node v0.10.30
30 error npm  v2.9.0
31 error code ENEEDAUTH
32 error need auth auth required for publishing
32 error need auth You need to authorize this machine using `npm adduser`
33 verbose exit [ 1, true ]
